<?xml version="1.0" encoding="UTF-8"?>
<!-- Generated by org.testng.reporters.JUnitXMLReporter -->
<testsuite hostname="LAPTOP-UUFTU99L" ignored="0" name="Default test" tests="3" failures="0" timestamp="05 mai 2021 10:35:52 GMT" time="1.343" errors="0">
  <testcase name="test_01" time="1.297" classname="test.Test01_GET_TestNG"/>
  <testcase name="test_02" time="0.014" classname="test.Test01_GET_TestNG"/>
  <testcase name="test_03" time="0.012" classname="test.Test01_GET_TestNG"/>
</testsuite> <!-- Default test -->
