<?xml version="1.0" encoding="UTF-8"?>
<testng-results skipped="0" failed="0" ignored="0" total="3" passed="3">
  <reporter-output>
  </reporter-output>
  <suite name="Default suite" duration-ms="1343" started-at="2021-05-05T10:35:50Z" finished-at="2021-05-05T10:35:52Z">
    <groups>
    </groups>
    <test name="Default test" duration-ms="1343" started-at="2021-05-05T10:35:50Z" finished-at="2021-05-05T10:35:52Z">
      <class name="test.Test01_GET_TestNG">
        <test-method status="PASS" signature="test_01()[pri:0, instance:test.Test01_GET_TestNG@8bd1b6a]" name="test_01" duration-ms="1297" started-at="2021-05-05T10:35:50Z" finished-at="2021-05-05T10:35:52Z">
          <reporter-output>
          </reporter-output>
        </test-method> <!-- test_01 -->
        <test-method status="PASS" signature="test_02()[pri:0, instance:test.Test01_GET_TestNG@8bd1b6a]" name="test_02" duration-ms="14" started-at="2021-05-05T10:35:52Z" finished-at="2021-05-05T10:35:52Z">
          <reporter-output>
          </reporter-output>
        </test-method> <!-- test_02 -->
        <test-method status="PASS" signature="test_03()[pri:0, instance:test.Test01_GET_TestNG@8bd1b6a]" name="test_03" duration-ms="12" started-at="2021-05-05T10:35:52Z" finished-at="2021-05-05T10:35:52Z">
          <reporter-output>
          </reporter-output>
        </test-method> <!-- test_03 -->
      </class> <!-- test.Test01_GET_TestNG -->
    </test> <!-- Default test -->
  </suite> <!-- Default suite -->
</testng-results>
